<?xml version="1.0" encoding="UTF-8" ?>
<testsuite tests="11" failures="0" name="hu.webtown.cart.domain.DomainTest" time="0.02" errors="0" skipped="0">
  <properties>
    <property name="java.runtime.name" value="Java(TM) SE Runtime Environment"/>
    <property name="java.vm.version" value="11.0.13+10-LTS-370"/>
    <property name="sun.boot.library.path" value="D:\dev\Java\jdk-11.0.13\bin"/>
    <property name="maven.multiModuleProjectDirectory" value="D:\dev\eclipse-2021-workspace\cart"/>
    <property name="java.vm.vendor" value="Oracle Corporation"/>
    <property name="java.vendor.url" value="https://openjdk.java.net/"/>
    <property name="guice.disable.misplaced.annotation.check" value="true"/>
    <property name="path.separator" value=";"/>
    <property name="java.vm.name" value="Java HotSpot(TM) 64-Bit Server VM"/>
    <property name="sun.os.patch.level" value=""/>
    <property name="user.script" value=""/>
    <property name="user.country" value="HU"/>
    <property name="sun.java.launcher" value="SUN_STANDARD"/>
    <property name="java.vm.specification.name" value="Java Virtual Machine Specification"/>
    <property name="user.dir" value="D:\dev\eclipse-2021-workspace\cart"/>
    <property name="java.vm.compressedOopsMode" value="Zero based"/>
    <property name="java.runtime.version" value="11.0.13+10-LTS-370"/>
    <property name="java.awt.graphicsenv" value="sun.awt.Win32GraphicsEnvironment"/>
    <property name="os.arch" value="amd64"/>
    <property name="java.io.tmpdir" value="C:\Users\User\AppData\Local\Temp\"/>
    <property name="line.separator" value="
"/>
    <property name="java.vm.specification.vendor" value="Oracle Corporation"/>
    <property name="user.variant" value=""/>
    <property name="os.name" value="Windows 10"/>
    <property name="classworlds.conf" value="D:\dev\eclipse-2021-workspace\.metadata\.plugins\org.eclipse.m2e.launching\launches\m2conf5539224898499266447.tmp"/>
    <property name="sun.jnu.encoding" value="Cp1250"/>
    <property name="java.library.path" value="D:\dev\Java\jdk-11.0.13\bin;C:\WINDOWS\Sun\Java\bin;C:\WINDOWS\system32;C:\WINDOWS;D:/dev/Java/jdk-11.0.13/bin/server;D:/dev/Java/jdk-11.0.13/bin;C:\Python310\Scripts\;C:\Python310\;D:\dev\VMware\VMware Workstation\bin\;D:\dev\gradle\gradle-7.6-all\gradle-7.6\bin;D:\dev\apache-maven-3.8.4\bin;D:\dev\git\bin;D:\dev\Java\jdk-11.0.13\bin;C:\WINDOWS\system32;C:\WINDOWS;C:\WINDOWS\System32\Wbem;C:\WINDOWS\System32\OpenSSH\;C:\WINDOWS\System32\WindowsPowerShell\v1.0\;C:\Windows\System32\curl.exe;C:\Program Files\Microsoft\Web Platform Installer\;C:\Users\User\.dnx\bin;C:\Program Files\Microsoft DNX\Dnvm\;D:\minikube;D:\download\kubernetes;D:\dev\Kubernetes\Minikube;D:\dev\kafka_2.13-3.2.0\bin;C:\Program Files\dotnet\;C:\Program Files (x86)\H2\bin\h2-2.1.214.jar;C:\ProgramData\chocolatey\bin;C:\dev\nodejs\;C:\Users\User\.jpm\windows\bin;;D:\dev\JPM4J\bin;D:\dev\JPM4J\bin;C:\Program Files\Docker\Docker\resources\bin;C:\Users\User\AppData\Local\Microsoft\WindowsApps;F:\Development\JetBrains\WebStorm 2021.1.2\bin;C:\Users\User\AppData\Local\Microsoft\WindowsApps;;%IntelliJ IDEA%;C:\Users\User\AppData\Roaming\npm;D:\dev\vscode\bin;D:\dev\JetBrains\IntelliJ IDEA Community Edition 2022.3.1\bin;;C:\Users\User\Desktop;;."/>
    <property name="jdk.debug" value="release"/>
    <property name="java.class.version" value="55.0"/>
    <property name="java.specification.name" value="Java Platform API Specification"/>
    <property name="sun.management.compiler" value="HotSpot 64-Bit Tiered Compilers"/>
    <property name="os.version" value="10.0"/>
    <property name="user.home" value="C:\Users\User"/>
    <property name="user.timezone" value="Europe/Prague"/>
    <property name="java.awt.printerjob" value="sun.awt.windows.WPrinterJob"/>
    <property name="file.encoding" value="Cp1250"/>
    <property name="java.specification.version" value="11"/>
    <property name="user.name" value="User"/>
    <property name="java.class.path" value="C:\Users\User\.p2\pool\plugins\org.eclipse.m2e.maven.runtime_1.18.1.20211011-2139\jars\plexus-classworlds-2.6.0.jar"/>
    <property name="java.vm.specification.version" value="11"/>
    <property name="sun.arch.data.model" value="64"/>
    <property name="sun.java.command" value="org.codehaus.plexus.classworlds.launcher.Launcher -B clean install"/>
    <property name="java.home" value="D:\dev\Java\jdk-11.0.13"/>
    <property name="user.language" value="hu"/>
    <property name="java.specification.vendor" value="Oracle Corporation"/>
    <property name="awt.toolkit" value="sun.awt.windows.WToolkit"/>
    <property name="java.vm.info" value="mixed mode"/>
    <property name="java.version" value="11.0.13"/>
    <property name="java.vendor" value="Oracle Corporation"/>
    <property name="maven.home" value="D:\dev\eclipse-2021-workspace\cart\EMBEDDED"/>
    <property name="file.separator" value="\"/>
    <property name="java.version.date" value="2021-10-19"/>
    <property name="java.vendor.url.bug" value="https://bugreport.java.com/bugreport/"/>
    <property name="sun.io.unicode.encoding" value="UnicodeLittle"/>
    <property name="sun.cpu.endian" value="little"/>
    <property name="java.vendor.version" value="18.9"/>
    <property name="sun.desktop" value="windows"/>
    <property name="sun.cpu.isalist" value="amd64"/>
  </properties>
  <testcase classname="hu.webtown.cart.domain.DomainTest" name="testRubberDuckDiscountPriceForThree" time="0.008"/>
  <testcase classname="hu.webtown.cart.domain.DomainTest" name="testSalamiDiscountPriceForThree" time="0"/>
  <testcase classname="hu.webtown.cart.domain.DomainTest" name="testMultipleDiscountTypeEvaluated" time="0.008"/>
  <testcase classname="hu.webtown.cart.domain.DomainTest" name="testSalamiDiscountPriceForTwo" time="0"/>
  <testcase classname="hu.webtown.cart.domain.DomainTest" name="testChestnutDiscountPriceForEleven" time="0"/>
  <testcase classname="hu.webtown.cart.domain.DomainTest" name="testMegaPackDicountTypeEvaluated" time="0"/>
  <testcase classname="hu.webtown.cart.domain.DomainTest" name="testCucumberDiscountPriceForEleven" time="0"/>
  <testcase classname="hu.webtown.cart.domain.DomainTest" name="testChestnutDiscountPriceForTwelve" time="0"/>
  <testcase classname="hu.webtown.cart.domain.DomainTest" name="testCucumberDiscountPriceForTwelve" time="0"/>
  <testcase classname="hu.webtown.cart.domain.DomainTest" name="testRubberDuckDiscountPriceForTwo" time="0"/>
  <testcase classname="hu.webtown.cart.domain.DomainTest" name="testThreeForTwoDicountTypeEvaluated" time="0.004"/>
</testsuite>